2022-11-15T06:22:28+00:00 DEBUG tt4b_product_sync: missing access token for tt4b_product_sync
2022-11-15T06:23:43+00:00 DEBUG tt4b_product_sync: missing access token for tt4b_product_sync
2022-11-15T06:25:18+00:00 DEBUG tt4b_product_sync: missing access token for tt4b_product_sync
2022-11-15T06:25:33+00:00 DEBUG tt4b_product_sync: missing access token for tt4b_product_sync
2022-11-15T06:28:50+00:00 DEBUG Tt4b_Pixel_Class::inject_view_content_event: hit injectViewContentEvent
2022-11-15T06:28:50+00:00 DEBUG Tt4b_Pixel_Class::inject_view_content_event: Missing option "access_token"
2022-11-15T06:31:23+00:00 DEBUG tt4b_product_sync: missing access token for tt4b_product_sync
2022-11-15T06:32:32+00:00 DEBUG Tt4b_Pixel_Class::inject_view_content_event: hit injectViewContentEvent
2022-11-15T06:32:32+00:00 DEBUG Tt4b_Pixel_Class::inject_view_content_event: Missing option "access_token"
2022-11-15T06:39:23+00:00 DEBUG tt4b_product_sync: missing access token for tt4b_product_sync
2022-11-15T06:39:44+00:00 DEBUG Tt4b_Pixel_Class::inject_view_content_event: hit injectViewContentEvent
2022-11-15T06:39:44+00:00 DEBUG Tt4b_Pixel_Class::inject_view_content_event: Missing option "access_token"
2022-11-15T06:40:58+00:00 DEBUG tt4b_product_sync: missing access token for tt4b_product_sync
2022-11-15T06:41:48+00:00 DEBUG tt4b_product_sync: missing access token for tt4b_product_sync
2022-11-15T06:43:13+00:00 DEBUG tt4b_product_sync: missing access token for tt4b_product_sync
2022-11-15T06:43:27+00:00 DEBUG tt4b_product_sync: missing access token for tt4b_product_sync
2022-11-15T06:44:42+00:00 DEBUG tt4b_product_sync: missing access token for tt4b_product_sync
2022-11-15T06:52:27+00:00 DEBUG tt4b_product_sync: missing access token for tt4b_product_sync
2022-11-15T06:52:30+00:00 DEBUG tt4b_product_sync: missing access token for tt4b_product_sync
2022-11-15T06:53:13+00:00 DEBUG tt4b_product_sync: missing access token for tt4b_product_sync
2022-11-15T06:53:34+00:00 DEBUG tt4b_product_sync: missing access token for tt4b_product_sync
2022-11-15T06:54:16+00:00 DEBUG Tt4b_Pixel_Class::inject_view_content_event: hit injectViewContentEvent
2022-11-15T06:54:16+00:00 DEBUG Tt4b_Pixel_Class::inject_view_content_event: Missing option "access_token"
2022-11-15T06:55:23+00:00 DEBUG tt4b_product_sync: missing access token for tt4b_product_sync
2022-11-15T06:56:11+00:00 DEBUG tt4b_product_sync: missing access token for tt4b_product_sync
2022-11-15T06:56:23+00:00 DEBUG tt4b_product_sync: missing access token for tt4b_product_sync
2022-11-15T06:56:42+00:00 DEBUG tt4b_product_sync: missing access token for tt4b_product_sync
2022-11-15T07:00:29+00:00 DEBUG tt4b_product_sync: missing access token for tt4b_product_sync
2022-11-15T07:14:05+00:00 DEBUG tt4b_product_sync: missing access token for tt4b_product_sync
2022-11-15T07:15:01+00:00 DEBUG Tt4b_Pixel_Class::inject_view_content_event: hit injectViewContentEvent
2022-11-15T07:15:01+00:00 DEBUG Tt4b_Pixel_Class::inject_view_content_event: Missing option "access_token"
2022-11-15T07:20:06+00:00 DEBUG tt4b_product_sync: missing access token for tt4b_product_sync
2022-11-15T07:35:25+00:00 DEBUG tt4b_product_sync: missing access token for tt4b_product_sync
2022-11-15T07:45:38+00:00 DEBUG tt4b_product_sync: missing access token for tt4b_product_sync
2022-11-15T07:47:10+00:00 DEBUG tt4b_product_sync: missing access token for tt4b_product_sync
2022-11-15T07:47:13+00:00 DEBUG tt4b_product_sync: missing access token for tt4b_product_sync
2022-11-15T07:48:31+00:00 DEBUG tt4b_product_sync: missing access token for tt4b_product_sync
2022-11-15T07:49:46+00:00 DEBUG tt4b_product_sync: missing access token for tt4b_product_sync
2022-11-15T07:59:18+00:00 DEBUG tt4b_product_sync: missing access token for tt4b_product_sync
2022-11-15T07:59:22+00:00 DEBUG tt4b_product_sync: missing access token for tt4b_product_sync
2022-11-15T07:59:23+00:00 DEBUG tt4b_product_sync: missing access token for tt4b_product_sync
2022-11-15T07:59:51+00:00 DEBUG tt4b_product_sync: missing access token for tt4b_product_sync
2022-11-15T08:00:00+00:00 DEBUG Tt4b_Pixel_Class::inject_view_content_event: hit injectViewContentEvent
2022-11-15T08:00:00+00:00 DEBUG Tt4b_Pixel_Class::inject_view_content_event: Missing option "access_token"
2022-11-15T10:04:29+00:00 DEBUG Tt4b_Pixel_Class::inject_start_checkout: hit injectStartCheckout
2022-11-15T10:04:29+00:00 DEBUG Tt4b_Pixel_Class::inject_start_checkout: Missing option "access_token"
2022-11-15T10:06:49+00:00 DEBUG Tt4b_Pixel_Class::inject_start_checkout: hit injectStartCheckout
2022-11-15T10:06:49+00:00 DEBUG Tt4b_Pixel_Class::inject_start_checkout: Missing option "access_token"
2022-11-15T10:06:55+00:00 DEBUG Tt4b_Pixel_Class::inject_start_checkout: hit injectStartCheckout
2022-11-15T10:06:55+00:00 DEBUG Tt4b_Pixel_Class::inject_start_checkout: Missing option "access_token"
2022-11-15T10:07:13+00:00 DEBUG Tt4b_Pixel_Class::inject_start_checkout: hit injectStartCheckout
2022-11-15T10:07:13+00:00 DEBUG Tt4b_Pixel_Class::inject_start_checkout: Missing option "access_token"
2022-11-15T10:07:19+00:00 DEBUG Tt4b_Pixel_Class::inject_start_checkout: hit injectStartCheckout
2022-11-15T10:07:19+00:00 DEBUG Tt4b_Pixel_Class::inject_start_checkout: Missing option "access_token"
2022-11-15T10:07:25+00:00 DEBUG Tt4b_Pixel_Class::inject_start_checkout: hit injectStartCheckout
2022-11-15T10:07:25+00:00 DEBUG Tt4b_Pixel_Class::inject_start_checkout: Missing option "access_token"
2022-11-15T10:07:31+00:00 DEBUG Tt4b_Pixel_Class::inject_start_checkout: hit injectStartCheckout
2022-11-15T10:07:31+00:00 DEBUG Tt4b_Pixel_Class::inject_start_checkout: Missing option "access_token"
2022-11-15T10:07:39+00:00 DEBUG Tt4b_Pixel_Class::inject_start_checkout: hit injectStartCheckout
2022-11-15T10:07:39+00:00 DEBUG Tt4b_Pixel_Class::inject_start_checkout: Missing option "access_token"
2022-11-15T10:07:47+00:00 DEBUG Tt4b_Pixel_Class::inject_start_checkout: hit injectStartCheckout
2022-11-15T10:07:47+00:00 DEBUG Tt4b_Pixel_Class::inject_start_checkout: Missing option "access_token"
2022-11-15T15:46:26+00:00 DEBUG Tt4b_Pixel_Class::inject_view_content_event: hit injectViewContentEvent
2022-11-15T15:46:26+00:00 DEBUG Tt4b_Pixel_Class::inject_view_content_event: Missing option "access_token"
2022-11-15T15:47:43+00:00 DEBUG Tt4b_Pixel_Class::inject_view_content_event: hit injectViewContentEvent
2022-11-15T15:47:43+00:00 DEBUG Tt4b_Pixel_Class::inject_view_content_event: Missing option "access_token"
2022-11-15T15:54:44+00:00 DEBUG tt4b_product_sync: missing access token for tt4b_product_sync
2022-11-15T15:54:53+00:00 DEBUG Tt4b_Pixel_Class::inject_view_content_event: hit injectViewContentEvent
2022-11-15T15:54:53+00:00 DEBUG Tt4b_Pixel_Class::inject_view_content_event: Missing option "access_token"
2022-11-15T16:33:27+00:00 DEBUG Tt4b_Pixel_Class::inject_view_content_event: hit injectViewContentEvent
2022-11-15T16:33:27+00:00 DEBUG Tt4b_Pixel_Class::inject_view_content_event: Missing option "access_token"
2022-11-15T16:34:49+00:00 DEBUG Tt4b_Pixel_Class::inject_view_content_event: hit injectViewContentEvent
2022-11-15T16:34:49+00:00 DEBUG Tt4b_Pixel_Class::inject_view_content_event: Missing option "access_token"
2022-11-15T16:35:09+00:00 DEBUG Tt4b_Pixel_Class::inject_add_to_cart_event: hit injectAddToCartEvent
2022-11-15T16:35:09+00:00 DEBUG Tt4b_Pixel_Class::inject_add_to_cart_event: Missing option "access_token"
2022-11-15T16:35:09+00:00 DEBUG Tt4b_Pixel_Class::inject_view_content_event: hit injectViewContentEvent
2022-11-15T16:35:09+00:00 DEBUG Tt4b_Pixel_Class::inject_view_content_event: Missing option "access_token"
2022-11-15T17:35:48+00:00 DEBUG Tt4b_Pixel_Class::inject_start_checkout: hit injectStartCheckout
2022-11-15T17:35:48+00:00 DEBUG Tt4b_Pixel_Class::inject_start_checkout: Missing option "access_token"
2022-11-15T17:35:59+00:00 DEBUG Tt4b_Pixel_Class::inject_purchase_event: hit injectPurchaseEvent
2022-11-15T17:35:59+00:00 DEBUG Tt4b_Pixel_Class::inject_purchase_event: Missing option "access_token"
2022-11-15T18:22:23+00:00 DEBUG Tt4b_Pixel_Class::inject_view_content_event: hit injectViewContentEvent
2022-11-15T18:22:23+00:00 DEBUG Tt4b_Pixel_Class::inject_view_content_event: Missing option "access_token"
2022-11-15T18:22:31+00:00 DEBUG Tt4b_Pixel_Class::inject_add_to_cart_event: hit injectAddToCartEvent
2022-11-15T18:22:31+00:00 DEBUG Tt4b_Pixel_Class::inject_add_to_cart_event: Missing option "access_token"
2022-11-15T18:22:31+00:00 DEBUG Tt4b_Pixel_Class::inject_view_content_event: hit injectViewContentEvent
2022-11-15T18:22:31+00:00 DEBUG Tt4b_Pixel_Class::inject_view_content_event: Missing option "access_token"
2022-11-15T18:22:35+00:00 DEBUG Tt4b_Pixel_Class::inject_start_checkout: hit injectStartCheckout
2022-11-15T18:22:35+00:00 DEBUG Tt4b_Pixel_Class::inject_start_checkout: Missing option "access_token"
2022-11-15T18:22:55+00:00 DEBUG Tt4b_Pixel_Class::inject_purchase_event: hit injectPurchaseEvent
2022-11-15T18:22:55+00:00 DEBUG Tt4b_Pixel_Class::inject_purchase_event: Missing option "access_token"
2022-11-15T18:30:03+00:00 DEBUG Tt4b_Pixel_Class::inject_view_content_event: hit injectViewContentEvent
2022-11-15T18:30:03+00:00 DEBUG Tt4b_Pixel_Class::inject_view_content_event: Missing option "access_token"
2022-11-15T18:30:18+00:00 DEBUG Tt4b_Pixel_Class::inject_add_to_cart_event: hit injectAddToCartEvent
2022-11-15T18:30:18+00:00 DEBUG Tt4b_Pixel_Class::inject_add_to_cart_event: Missing option "access_token"
2022-11-15T18:30:18+00:00 DEBUG Tt4b_Pixel_Class::inject_view_content_event: hit injectViewContentEvent
2022-11-15T18:30:18+00:00 DEBUG Tt4b_Pixel_Class::inject_view_content_event: Missing option "access_token"
2022-11-15T18:31:04+00:00 DEBUG Tt4b_Pixel_Class::inject_start_checkout: hit injectStartCheckout
2022-11-15T18:31:04+00:00 DEBUG Tt4b_Pixel_Class::inject_start_checkout: Missing option "access_token"
2022-11-15T19:55:00+00:00 DEBUG Tt4b_Pixel_Class::inject_view_content_event: hit injectViewContentEvent
2022-11-15T19:55:00+00:00 DEBUG Tt4b_Pixel_Class::inject_view_content_event: Missing option "access_token"
2022-11-15T19:55:07+00:00 DEBUG Tt4b_Pixel_Class::inject_add_to_cart_event: hit injectAddToCartEvent
2022-11-15T19:55:07+00:00 DEBUG Tt4b_Pixel_Class::inject_add_to_cart_event: Missing option "access_token"
2022-11-15T19:55:07+00:00 DEBUG Tt4b_Pixel_Class::inject_view_content_event: hit injectViewContentEvent
2022-11-15T19:55:07+00:00 DEBUG Tt4b_Pixel_Class::inject_view_content_event: Missing option "access_token"
2022-11-15T19:55:11+00:00 DEBUG Tt4b_Pixel_Class::inject_start_checkout: hit injectStartCheckout
2022-11-15T19:55:11+00:00 DEBUG Tt4b_Pixel_Class::inject_start_checkout: Missing option "access_token"
2022-11-15T20:01:29+00:00 DEBUG tt4b_product_sync: missing access token for tt4b_product_sync
2022-11-15T20:02:25+00:00 DEBUG tt4b_product_sync: missing access token for tt4b_product_sync
2022-11-15T20:04:10+00:00 DEBUG tt4b_product_sync: missing access token for tt4b_product_sync
2022-11-15T20:05:19+00:00 DEBUG tt4b_product_sync: missing access token for tt4b_product_sync
2022-11-15T20:05:24+00:00 DEBUG Tt4b_Pixel_Class::inject_view_content_event: hit injectViewContentEvent
2022-11-15T20:05:24+00:00 DEBUG Tt4b_Pixel_Class::inject_view_content_event: Missing option "access_token"
2022-11-15T20:06:25+00:00 DEBUG tt4b_product_sync: missing access token for tt4b_product_sync
2022-11-15T20:07:39+00:00 DEBUG tt4b_product_sync: missing access token for tt4b_product_sync
2022-11-15T20:13:58+00:00 DEBUG tt4b_product_sync: missing access token for tt4b_product_sync
2022-11-15T20:15:43+00:00 DEBUG tt4b_product_sync: missing access token for tt4b_product_sync
2022-11-15T20:15:53+00:00 DEBUG Tt4b_Pixel_Class::inject_view_content_event: hit injectViewContentEvent
2022-11-15T20:15:53+00:00 DEBUG Tt4b_Pixel_Class::inject_view_content_event: Missing option "access_token"
2022-11-15T20:19:35+00:00 DEBUG tt4b_product_sync: missing access token for tt4b_product_sync
2022-11-15T20:20:25+00:00 DEBUG tt4b_product_sync: missing access token for tt4b_product_sync
2022-11-15T20:22:10+00:00 DEBUG tt4b_product_sync: missing access token for tt4b_product_sync
2022-11-15T20:22:53+00:00 DEBUG tt4b_product_sync: missing access token for tt4b_product_sync
2022-11-15T20:23:03+00:00 DEBUG tt4b_product_sync: missing access token for tt4b_product_sync
2022-11-15T20:26:11+00:00 DEBUG tt4b_product_sync: missing access token for tt4b_product_sync
2022-11-15T20:26:11+00:00 DEBUG tt4b_product_sync: missing access token for tt4b_product_sync
2022-11-15T20:26:43+00:00 DEBUG tt4b_product_sync: missing access token for tt4b_product_sync
2022-11-15T20:27:24+00:00 DEBUG tt4b_product_sync: missing access token for tt4b_product_sync
2022-11-15T20:35:21+00:00 DEBUG tt4b_product_sync: missing access token for tt4b_product_sync
2022-11-15T20:36:01+00:00 DEBUG tt4b_product_sync: missing access token for tt4b_product_sync
2022-11-15T20:36:41+00:00 DEBUG tt4b_product_sync: missing access token for tt4b_product_sync
2022-11-15T20:37:24+00:00 DEBUG tt4b_product_sync: missing access token for tt4b_product_sync
2022-11-15T20:37:36+00:00 DEBUG Tt4b_Pixel_Class::inject_view_content_event: hit injectViewContentEvent
2022-11-15T20:37:36+00:00 DEBUG Tt4b_Pixel_Class::inject_view_content_event: Missing option "access_token"
2022-11-15T20:39:42+00:00 DEBUG Tt4b_Pixel_Class::inject_view_content_event: hit injectViewContentEvent
2022-11-15T20:39:42+00:00 DEBUG Tt4b_Pixel_Class::inject_view_content_event: Missing option "access_token"
2022-11-15T20:44:24+00:00 DEBUG tt4b_product_sync: missing access token for tt4b_product_sync
2022-11-15T20:44:58+00:00 DEBUG tt4b_product_sync: missing access token for tt4b_product_sync
2022-11-15T20:46:08+00:00 DEBUG tt4b_product_sync: missing access token for tt4b_product_sync
2022-11-15T20:47:24+00:00 DEBUG tt4b_product_sync: missing access token for tt4b_product_sync
2022-11-15T20:54:57+00:00 DEBUG tt4b_product_sync: missing access token for tt4b_product_sync
2022-11-15T20:55:08+00:00 DEBUG Tt4b_Pixel_Class::inject_view_content_event: hit injectViewContentEvent
2022-11-15T20:55:08+00:00 DEBUG Tt4b_Pixel_Class::inject_view_content_event: Missing option "access_token"
2022-11-15T20:57:12+00:00 DEBUG tt4b_product_sync: missing access token for tt4b_product_sync
2022-11-15T20:57:23+00:00 DEBUG Tt4b_Pixel_Class::inject_view_content_event: hit injectViewContentEvent
2022-11-15T20:57:23+00:00 DEBUG Tt4b_Pixel_Class::inject_view_content_event: Missing option "access_token"
2022-11-15T20:57:55+00:00 DEBUG tt4b_product_sync: missing access token for tt4b_product_sync
2022-11-15T20:58:10+00:00 DEBUG tt4b_product_sync: missing access token for tt4b_product_sync
2022-11-15T20:59:35+00:00 DEBUG tt4b_product_sync: missing access token for tt4b_product_sync
2022-11-15T21:00:50+00:00 DEBUG tt4b_product_sync: missing access token for tt4b_product_sync
2022-11-15T21:23:44+00:00 DEBUG tt4b_product_sync: missing access token for tt4b_product_sync
2022-11-15T21:23:47+00:00 DEBUG tt4b_product_sync: missing access token for tt4b_product_sync
2022-11-15T21:24:01+00:00 DEBUG Tt4b_Pixel_Class::inject_view_content_event: hit injectViewContentEvent
2022-11-15T21:24:01+00:00 DEBUG Tt4b_Pixel_Class::inject_view_content_event: Missing option "access_token"
2022-11-15T21:24:39+00:00 DEBUG tt4b_product_sync: missing access token for tt4b_product_sync
2022-11-15T21:24:52+00:00 DEBUG Tt4b_Pixel_Class::inject_view_content_event: hit injectViewContentEvent
2022-11-15T21:24:52+00:00 DEBUG Tt4b_Pixel_Class::inject_view_content_event: Missing option "access_token"
2022-11-15T21:24:59+00:00 DEBUG tt4b_product_sync: missing access token for tt4b_product_sync
2022-11-15T21:25:39+00:00 DEBUG tt4b_product_sync: missing access token for tt4b_product_sync
2022-11-15T21:26:10+00:00 DEBUG tt4b_product_sync: missing access token for tt4b_product_sync
2022-11-15T21:27:26+00:00 DEBUG tt4b_product_sync: missing access token for tt4b_product_sync
