2022-11-16T04:08:47+00:00 DEBUG Tt4b_Pixel_Class::inject_view_content_event: hit injectViewContentEvent
2022-11-16T04:08:47+00:00 DEBUG Tt4b_Pixel_Class::inject_view_content_event: Missing option "access_token"
2022-11-16T04:08:58+00:00 DEBUG Tt4b_Pixel_Class::inject_view_content_event: hit injectViewContentEvent
2022-11-16T04:08:58+00:00 DEBUG Tt4b_Pixel_Class::inject_view_content_event: Missing option "access_token"
2022-11-16T05:27:17+00:00 DEBUG Tt4b_Pixel_Class::inject_start_checkout: hit injectStartCheckout
2022-11-16T05:27:17+00:00 DEBUG Tt4b_Pixel_Class::inject_start_checkout: Missing option "access_token"
2022-11-16T05:27:59+00:00 DEBUG Tt4b_Pixel_Class::inject_purchase_event: hit injectPurchaseEvent
2022-11-16T05:27:59+00:00 DEBUG Tt4b_Pixel_Class::inject_purchase_event: Missing option "access_token"
2022-11-16T05:28:37+00:00 DEBUG Tt4b_Pixel_Class::inject_purchase_event: hit injectPurchaseEvent
2022-11-16T05:28:37+00:00 DEBUG Tt4b_Pixel_Class::inject_purchase_event: Missing option "access_token"
2022-11-16T05:28:56+00:00 DEBUG Tt4b_Pixel_Class::inject_view_content_event: hit injectViewContentEvent
2022-11-16T05:28:56+00:00 DEBUG Tt4b_Pixel_Class::inject_view_content_event: Missing option "access_token"
2022-11-16T05:29:06+00:00 DEBUG Tt4b_Pixel_Class::inject_add_to_cart_event: hit injectAddToCartEvent
2022-11-16T05:29:06+00:00 DEBUG Tt4b_Pixel_Class::inject_add_to_cart_event: Missing option "access_token"
2022-11-16T05:29:07+00:00 DEBUG Tt4b_Pixel_Class::inject_view_content_event: hit injectViewContentEvent
2022-11-16T05:29:07+00:00 DEBUG Tt4b_Pixel_Class::inject_view_content_event: Missing option "access_token"
2022-11-16T05:29:39+00:00 DEBUG Tt4b_Pixel_Class::inject_start_checkout: hit injectStartCheckout
2022-11-16T05:29:39+00:00 DEBUG Tt4b_Pixel_Class::inject_start_checkout: Missing option "access_token"
2022-11-16T05:30:02+00:00 DEBUG Tt4b_Pixel_Class::inject_purchase_event: hit injectPurchaseEvent
2022-11-16T05:30:02+00:00 DEBUG Tt4b_Pixel_Class::inject_purchase_event: Missing option "access_token"
2022-11-16T05:42:23+00:00 DEBUG tt4b_product_sync: missing access token for tt4b_product_sync
2022-11-16T05:46:02+00:00 DEBUG tt4b_product_sync: missing access token for tt4b_product_sync
2022-11-16T05:48:46+00:00 DEBUG tt4b_product_sync: missing access token for tt4b_product_sync
2022-11-16T05:50:01+00:00 DEBUG tt4b_product_sync: missing access token for tt4b_product_sync
2022-11-16T06:01:34+00:00 DEBUG tt4b_product_sync: missing access token for tt4b_product_sync
2022-11-16T06:01:39+00:00 DEBUG Tt4b_Pixel_Class::inject_view_content_event: hit injectViewContentEvent
2022-11-16T06:01:39+00:00 DEBUG Tt4b_Pixel_Class::inject_view_content_event: Missing option "access_token"
2022-11-16T06:04:46+00:00 DEBUG Tt4b_Pixel_Class::inject_view_content_event: hit injectViewContentEvent
2022-11-16T06:04:46+00:00 DEBUG Tt4b_Pixel_Class::inject_view_content_event: Missing option "access_token"
2022-11-16T06:05:31+00:00 DEBUG tt4b_product_sync: missing access token for tt4b_product_sync
2022-11-16T06:05:59+00:00 DEBUG tt4b_product_sync: missing access token for tt4b_product_sync
2022-11-16T06:06:22+00:00 DEBUG tt4b_product_sync: missing access token for tt4b_product_sync
2022-11-16T06:07:37+00:00 DEBUG tt4b_product_sync: missing access token for tt4b_product_sync
2022-11-16T06:12:20+00:00 DEBUG tt4b_product_sync: missing access token for tt4b_product_sync
2022-11-16T06:12:40+00:00 DEBUG Tt4b_Pixel_Class::inject_view_content_event: hit injectViewContentEvent
2022-11-16T06:12:40+00:00 DEBUG Tt4b_Pixel_Class::inject_view_content_event: Missing option "access_token"
2022-11-16T06:15:11+00:00 DEBUG Tt4b_Pixel_Class::inject_view_content_event: hit injectViewContentEvent
2022-11-16T06:15:11+00:00 DEBUG Tt4b_Pixel_Class::inject_view_content_event: Missing option "access_token"
2022-11-16T06:15:24+00:00 DEBUG tt4b_product_sync: missing access token for tt4b_product_sync
2022-11-16T06:15:36+00:00 DEBUG Tt4b_Pixel_Class::inject_view_content_event: hit injectViewContentEvent
2022-11-16T06:15:36+00:00 DEBUG Tt4b_Pixel_Class::inject_view_content_event: Missing option "access_token"
2022-11-16T06:16:46+00:00 DEBUG Tt4b_Pixel_Class::inject_view_content_event: hit injectViewContentEvent
2022-11-16T06:16:46+00:00 DEBUG Tt4b_Pixel_Class::inject_view_content_event: Missing option "access_token"
2022-11-16T06:16:57+00:00 DEBUG tt4b_product_sync: missing access token for tt4b_product_sync
2022-11-16T06:18:45+00:00 DEBUG tt4b_product_sync: missing access token for tt4b_product_sync
2022-11-16T06:19:52+00:00 DEBUG tt4b_product_sync: missing access token for tt4b_product_sync
2022-11-16T06:26:38+00:00 DEBUG tt4b_product_sync: missing access token for tt4b_product_sync
2022-11-16T06:27:53+00:00 DEBUG tt4b_product_sync: missing access token for tt4b_product_sync
2022-11-16T06:29:00+00:00 DEBUG tt4b_product_sync: missing access token for tt4b_product_sync
2022-11-16T06:29:00+00:00 DEBUG tt4b_product_sync: missing access token for tt4b_product_sync
2022-11-16T06:29:42+00:00 DEBUG Tt4b_Pixel_Class::inject_view_content_event: hit injectViewContentEvent
2022-11-16T06:29:42+00:00 DEBUG Tt4b_Pixel_Class::inject_view_content_event: Missing option "access_token"
2022-11-16T06:30:25+00:00 DEBUG tt4b_product_sync: missing access token for tt4b_product_sync
2022-11-16T06:30:27+00:00 DEBUG Tt4b_Pixel_Class::inject_view_content_event: hit injectViewContentEvent
2022-11-16T06:30:27+00:00 DEBUG Tt4b_Pixel_Class::inject_view_content_event: Missing option "access_token"
2022-11-16T06:30:55+00:00 DEBUG tt4b_product_sync: missing access token for tt4b_product_sync
2022-11-16T06:31:59+00:00 DEBUG tt4b_product_sync: missing access token for tt4b_product_sync
2022-11-16T06:33:14+00:00 DEBUG tt4b_product_sync: missing access token for tt4b_product_sync
2022-11-16T06:39:20+00:00 DEBUG tt4b_product_sync: missing access token for tt4b_product_sync
2022-11-16T06:39:56+00:00 DEBUG tt4b_product_sync: missing access token for tt4b_product_sync
2022-11-16T06:40:17+00:00 DEBUG Tt4b_Pixel_Class::inject_view_content_event: hit injectViewContentEvent
2022-11-16T06:40:17+00:00 DEBUG Tt4b_Pixel_Class::inject_view_content_event: Missing option "access_token"
2022-11-16T06:41:01+00:00 DEBUG tt4b_product_sync: missing access token for tt4b_product_sync
2022-11-16T06:41:13+00:00 DEBUG tt4b_product_sync: missing access token for tt4b_product_sync
2022-11-16T06:41:38+00:00 DEBUG tt4b_product_sync: missing access token for tt4b_product_sync
2022-11-16T06:42:56+00:00 DEBUG tt4b_product_sync: missing access token for tt4b_product_sync
2022-11-16T06:45:55+00:00 DEBUG tt4b_product_sync: missing access token for tt4b_product_sync
2022-11-16T06:47:09+00:00 DEBUG tt4b_product_sync: missing access token for tt4b_product_sync
2022-11-16T06:48:30+00:00 DEBUG tt4b_product_sync: missing access token for tt4b_product_sync
2022-11-16T06:48:41+00:00 DEBUG Tt4b_Pixel_Class::inject_view_content_event: hit injectViewContentEvent
2022-11-16T06:48:41+00:00 DEBUG Tt4b_Pixel_Class::inject_view_content_event: Missing option "access_token"
2022-11-16T06:49:11+00:00 DEBUG tt4b_product_sync: missing access token for tt4b_product_sync
2022-11-16T06:50:22+00:00 DEBUG tt4b_product_sync: missing access token for tt4b_product_sync
2022-11-16T06:51:37+00:00 DEBUG tt4b_product_sync: missing access token for tt4b_product_sync
2022-11-16T06:52:52+00:00 DEBUG tt4b_product_sync: missing access token for tt4b_product_sync
2022-11-16T06:59:39+00:00 DEBUG tt4b_product_sync: missing access token for tt4b_product_sync
2022-11-16T06:59:50+00:00 DEBUG Tt4b_Pixel_Class::inject_view_content_event: hit injectViewContentEvent
2022-11-16T06:59:50+00:00 DEBUG Tt4b_Pixel_Class::inject_view_content_event: Missing option "access_token"
2022-11-16T07:00:07+00:00 DEBUG tt4b_product_sync: missing access token for tt4b_product_sync
2022-11-16T07:00:29+00:00 DEBUG tt4b_product_sync: missing access token for tt4b_product_sync
2022-11-16T07:01:46+00:00 DEBUG tt4b_product_sync: missing access token for tt4b_product_sync
2022-11-16T07:06:29+00:00 DEBUG tt4b_product_sync: missing access token for tt4b_product_sync
2022-11-16T07:10:58+00:00 DEBUG Tt4b_Pixel_Class::inject_view_content_event: hit injectViewContentEvent
2022-11-16T07:10:58+00:00 DEBUG Tt4b_Pixel_Class::inject_view_content_event: Missing option "access_token"
2022-11-16T07:11:30+00:00 DEBUG Tt4b_Pixel_Class::inject_view_content_event: hit injectViewContentEvent
2022-11-16T07:11:30+00:00 DEBUG Tt4b_Pixel_Class::inject_view_content_event: Missing option "access_token"
2022-11-16T07:12:44+00:00 DEBUG Tt4b_Pixel_Class::inject_add_to_cart_event: hit injectAddToCartEvent
2022-11-16T07:12:44+00:00 DEBUG Tt4b_Pixel_Class::inject_add_to_cart_event: Missing option "access_token"
2022-11-16T07:12:45+00:00 DEBUG Tt4b_Pixel_Class::inject_view_content_event: hit injectViewContentEvent
2022-11-16T07:12:45+00:00 DEBUG Tt4b_Pixel_Class::inject_view_content_event: Missing option "access_token"
2022-11-16T07:13:11+00:00 DEBUG Tt4b_Pixel_Class::inject_start_checkout: hit injectStartCheckout
2022-11-16T07:13:11+00:00 DEBUG Tt4b_Pixel_Class::inject_start_checkout: Missing option "access_token"
2022-11-16T07:14:34+00:00 DEBUG Tt4b_Pixel_Class::inject_purchase_event: hit injectPurchaseEvent
2022-11-16T07:14:34+00:00 DEBUG Tt4b_Pixel_Class::inject_purchase_event: Missing option "access_token"
2022-11-16T07:17:28+00:00 DEBUG Tt4b_Pixel_Class::inject_view_content_event: hit injectViewContentEvent
2022-11-16T07:17:28+00:00 DEBUG Tt4b_Pixel_Class::inject_view_content_event: Missing option "access_token"
